2026-01-25 13:35:54,149 | INFO | RUN_ID=1769348154
2026-01-25 13:35:54,149 | INFO | REPO_ROOT=/home/runner/work/goliath-auto-tool/goliath-auto-tool
2026-01-25 13:35:54,149 | INFO | SITE_DOMAIN=https://mikann20041029.github.io
2026-01-25 13:35:54,149 | INFO | ALLOW_ROOT_UPDATE=False
2026-01-25 13:35:54,149 | INFO | LEADS_TOTAL=100
2026-01-25 13:35:54,149 | INFO | HN_QUERY=how to fix error OR help OR cannot OR failed OR bug
2026-01-25 13:35:54,149 | INFO | HN_MAX=70
2026-01-25 13:35:54,150 | INFO | Bluesky: collecting up to 50
2026-01-25 13:35:54,551 | WARNING | Bluesky: session failed status=401 body={"error":"AuthenticationRequired","message":"Invalid identifier or password"}
2026-01-25 13:35:54,551 | INFO | Mastodon: collecting up to 100 from https://mastodon.social
2026-01-25 13:36:00,332 | INFO | Mastodon: collected 100
2026-01-25 13:36:00,333 | INFO | Reddit: public mode collecting up to 20
2026-01-25 13:36:01,328 | INFO | Reddit: collected 0
2026-01-25 13:36:01,438 | WARNING | X: search failed status=402 body={"account_id":2014321677820387328,"title":"CreditsDepleted","detail":"Your enrolled account [2014321677820387328] does not have any credits to fulfill this request.","type":"https://api.twitter.com/2/
2026-01-25 13:36:01,800 | INFO | HN: collected 0
2026-01-25 13:36:01,802 | INFO | Collected total=99 (Bluesky=0, Mastodon=100, Reddit=0, X=0, HN=0)
2026-01-25 13:36:01,802 | INFO | Clustering 99 posts (threshold=0.22)
2026-01-25 13:36:01,821 | INFO | Clusters: 93 (top sizes=[3, 2, 2, 2, 2, 1, 1, 1])
2026-01-25 13:36:01,824 | INFO | Chosen themes=5
2026-01-25 13:36:01,824 | INFO | Chosen themes forced=1 (seed)
2026-01-25 13:36:02,293 | INFO | Unsplash hero bg enabled.
