2026-01-25 14:16:58,990 | INFO | RUN_ID=1769350618
2026-01-25 14:16:58,990 | INFO | REPO_ROOT=/home/runner/work/goliath-auto-tool/goliath-auto-tool
2026-01-25 14:16:58,990 | INFO | SITE_DOMAIN=https://mikann20041029.github.io
2026-01-25 14:16:58,990 | INFO | ALLOW_ROOT_UPDATE=False
2026-01-25 14:16:58,990 | INFO | LEADS_TOTAL=100
2026-01-25 14:16:58,990 | INFO | HN_QUERY=how to fix error OR help OR cannot OR failed OR bug
2026-01-25 14:16:58,990 | INFO | HN_MAX=70
2026-01-25 14:16:58,991 | INFO | Bluesky: collecting up to 50
2026-01-25 14:16:59,253 | WARNING | Bluesky: session failed status=401 body={"error":"AuthenticationRequired","message":"Invalid identifier or password"}
2026-01-25 14:16:59,254 | INFO | Mastodon: collecting up to 100 from https://mastodon.social
2026-01-25 14:17:04,439 | INFO | Mastodon: collected 100
2026-01-25 14:17:04,439 | INFO | Reddit: public mode collecting up to 20
2026-01-25 14:17:05,406 | INFO | Reddit: collected 0
2026-01-25 14:17:05,559 | WARNING | X: search failed status=402 body={"account_id":2014321677820387328,"title":"CreditsDepleted","detail":"Your enrolled account [2014321677820387328] does not have any credits to fulfill this request.","type":"https://api.twitter.com/2/
2026-01-25 14:17:05,961 | INFO | HN: collected 0
2026-01-25 14:17:05,962 | INFO | Collected total=99 (Bluesky=0, Mastodon=100, Reddit=0, X=0, HN=0)
2026-01-25 14:17:05,963 | INFO | Clustering 99 posts (threshold=0.22)
2026-01-25 14:17:05,983 | INFO | Clusters: 93 (top sizes=[3, 2, 2, 2, 2, 1, 1, 1])
2026-01-25 14:17:05,986 | INFO | Chosen themes=5
2026-01-25 14:17:05,986 | INFO | Chosen themes forced=1 (seed)
2026-01-25 14:17:06,780 | INFO | Unsplash hero bg enabled.
2026-01-25 14:17:06,781 | ERROR | build_tool_ui failed: name 'x' is not defined
Traceback (most recent call last):
  File "goliath/main.py", line 2769, in build_page_html
    tool_ui = build_tool_ui(theme)
  File "goliath/main.py", line 2160, in build_tool_ui
    problems_html_items.append(f"<li>{html.escape(str(x))}</li>")
NameError: name 'x' is not defined
2026-01-25 14:17:06,782 | INFO | Built site: https://mikann20041029.github.io/goliath/pages/food-help-please-fix-guide-checklist-tool/ (Dev/Tools) short=https://mikann20041029.github.io/goliath/go/6I2foe2/
2026-01-25 14:17:06,783 | ERROR | build_tool_ui failed: name 'x' is not defined
Traceback (most recent call last):
  File "goliath/main.py", line 2769, in build_page_html
    tool_ui = build_tool_ui(theme)
  File "goliath/main.py", line 2160, in build_tool_ui
    problems_html_items.append(f"<li>{html.escape(str(x))}</li>")
NameError: name 'x' is not defined
2026-01-25 14:17:06,783 | INFO | Built site: https://mikann20041029.github.io/goliath/pages/family-help-boost-dns-ssl-fix-checklist/ (Web/Hosting) short=https://mikann20041029.github.io/goliath/go/9v2CIZ/
2026-01-25 14:17:06,783 | ERROR | build_tool_ui failed: name 'x' is not defined
Traceback (most recent call last):
  File "goliath/main.py", line 2769, in build_page_html
    tool_ui = build_tool_ui(theme)
  File "goliath/main.py", line 2160, in build_tool_ui
    problems_html_items.append(f"<li>{html.escape(str(x))}</li>")
NameError: name 'x' is not defined
2026-01-25 14:17:06,784 | INFO | Built site: https://mikann20041029.github.io/goliath/pages/china-international-travel-dns-ssl-fix-checklist/ (Web/Hosting) short=https://mikann20041029.github.io/goliath/go/6ETNcxr/
2026-01-25 14:17:06,784 | ERROR | build_tool_ui failed: name 'x' is not defined
Traceback (most recent call last):
  File "goliath/main.py", line 2769, in build_page_html
    tool_ui = build_tool_ui(theme)
  File "goliath/main.py", line 2160, in build_tool_ui
    problems_html_items.append(f"<li>{html.escape(str(x))}</li>")
NameError: name 'x' is not defined
2026-01-25 14:17:06,785 | INFO | Built site: https://mikann20041029.github.io/goliath/pages/demands-entertainment-fans-dns-ssl-fix-checklist/ (Web/Hosting) short=https://mikann20041029.github.io/goliath/go/bE3HwtK/
2026-01-25 14:17:06,785 | ERROR | build_tool_ui failed: name 'x' is not defined
Traceback (most recent call last):
  File "goliath/main.py", line 2769, in build_page_html
    tool_ui = build_tool_ui(theme)
  File "goliath/main.py", line 2160, in build_tool_ui
    problems_html_items.append(f"<li>{html.escape(str(x))}</li>")
NameError: name 'x' is not defined
2026-01-25 14:17:06,786 | INFO | Built site: https://mikann20041029.github.io/goliath/pages/se-de-le-dns-ssl-fix-checklist/ (Web/Hosting) short=https://mikann20041029.github.io/goliath/go/b3t9z1y/
2026-01-25 14:17:06,789 | INFO | Wrote issues payload: /home/runner/work/goliath-auto-tool/goliath-auto-tool/goliath/_out/issues_payload_1769350618.json
