2026-01-26 09:16:06,501 | INFO | RUN_ID=1769418966
2026-01-26 09:16:06,501 | INFO | REPO_ROOT=/home/runner/work/goliath-auto-tool/goliath-auto-tool
2026-01-26 09:16:06,501 | INFO | SITE_DOMAIN=https://mikann20041029.github.io
2026-01-26 09:16:06,501 | INFO | ALLOW_ROOT_UPDATE=False
2026-01-26 09:16:06,502 | INFO | LEADS_TOTAL=100
2026-01-26 09:16:06,502 | INFO | HN_QUERY=how to fix error OR help OR cannot OR failed OR bug
2026-01-26 09:16:06,502 | INFO | HN_MAX=70
2026-01-26 09:16:06,502 | INFO | Bluesky: collecting up to 50
2026-01-26 09:16:06,627 | WARNING | Bluesky: session failed status=401 body={"error":"AuthenticationRequired","message":"Invalid identifier or password"}
2026-01-26 09:16:06,627 | INFO | Mastodon: collecting up to 100 from https://mastodon.social
2026-01-26 09:16:10,399 | INFO | Mastodon: collected 100
2026-01-26 09:16:10,399 | INFO | Reddit: public mode collecting up to 20
2026-01-26 09:16:10,921 | INFO | Reddit: collected 0
2026-01-26 09:16:11,033 | WARNING | X: search failed status=402 body={"account_id":2014321677820387328,"title":"CreditsDepleted","detail":"Your enrolled account [2014321677820387328] does not have any credits to fulfill this request.","type":"https://api.twitter.com/2/
2026-01-26 09:16:11,578 | INFO | HN: collected 0
2026-01-26 09:16:11,579 | INFO | Collected total=99 (Bluesky=0, Mastodon=100, Reddit=0, X=0, HN=0)
2026-01-26 09:16:11,579 | INFO | Clustering 99 posts (threshold=0.22)
2026-01-26 09:16:11,596 | INFO | Clusters: 87 (top sizes=[3, 3, 3, 2, 2, 2, 2, 2])
2026-01-26 09:16:11,600 | INFO | Chosen themes=6
2026-01-26 09:16:11,809 | INFO | Unsplash hero bg enabled.
2026-01-26 09:16:11,810 | ERROR | build_tool_ui failed: name 'p' is not defined
Traceback (most recent call last):
  File "goliath/main.py", line 2824, in build_page_html
    tool_ui = build_tool_ui(theme)
  File "goliath/main.py", line 2215, in build_tool_ui
    problems_html_items.append(f"<li>{html.escape(str(p))}</li>")
NameError: name 'p' is not defined
2026-01-26 09:16:11,811 | INFO | Built site: https://mikann20041029.github.io/goliath/pages/food-help-please-fix-guide-checklist-tool-4/ (Dev/Tools) short=https://mikann20041029.github.io/goliath/go/63juOoI/
2026-01-26 09:16:11,812 | ERROR | build_tool_ui failed: name 'p' is not defined
Traceback (most recent call last):
  File "goliath/main.py", line 2824, in build_page_html
    tool_ui = build_tool_ui(theme)
  File "goliath/main.py", line 2215, in build_tool_ui
    problems_html_items.append(f"<li>{html.escape(str(p))}</li>")
NameError: name 'p' is not defined
2026-01-26 09:16:11,812 | INFO | Built site: https://mikann20041029.github.io/goliath/pages/family-boost-donate-dns-ssl-fix-checklist-3/ (Web/Hosting) short=https://mikann20041029.github.io/goliath/go/efUkdKj/
2026-01-26 09:16:11,813 | ERROR | build_tool_ui failed: name 'p' is not defined
Traceback (most recent call last):
  File "goliath/main.py", line 2824, in build_page_html
    tool_ui = build_tool_ui(theme)
  File "goliath/main.py", line 2215, in build_tool_ui
    problems_html_items.append(f"<li>{html.escape(str(p))}</li>")
NameError: name 'p' is not defined
2026-01-26 09:16:11,813 | INFO | Built site: https://mikann20041029.github.io/goliath/pages/support-association-minneapolis-dns-ssl-fix-checklist-3/ (Web/Hosting) short=https://mikann20041029.github.io/goliath/go/ezFTQmD/
2026-01-26 09:16:11,814 | ERROR | build_tool_ui failed: name 'p' is not defined
Traceback (most recent call last):
  File "goliath/main.py", line 2824, in build_page_html
    tool_ui = build_tool_ui(theme)
  File "goliath/main.py", line 2215, in build_tool_ui
    problems_html_items.append(f"<li>{html.escape(str(p))}</li>")
NameError: name 'p' is not defined
2026-01-26 09:16:11,814 | INFO | Built site: https://mikann20041029.github.io/goliath/pages/mohammed-donation-basics-dns-ssl-fix-checklist-3/ (Web/Hosting) short=https://mikann20041029.github.io/goliath/go/eu6nfDb/
2026-01-26 09:16:11,815 | ERROR | build_tool_ui failed: name 'p' is not defined
Traceback (most recent call last):
  File "goliath/main.py", line 2824, in build_page_html
    tool_ui = build_tool_ui(theme)
  File "goliath/main.py", line 2215, in build_tool_ui
    problems_html_items.append(f"<li>{html.escape(str(p))}</li>")
NameError: name 'p' is not defined
2026-01-26 09:16:11,815 | INFO | Built site: https://mikann20041029.github.io/goliath/pages/activitypub-flipboard-posted-dns-ssl-fix-checklist/ (Web/Hosting) short=https://mikann20041029.github.io/goliath/go/58AX9Wx/
2026-01-26 09:16:11,816 | ERROR | build_tool_ui failed: name 'p' is not defined
Traceback (most recent call last):
  File "goliath/main.py", line 2824, in build_page_html
    tool_ui = build_tool_ui(theme)
  File "goliath/main.py", line 2215, in build_tool_ui
    problems_html_items.append(f"<li>{html.escape(str(p))}</li>")
NameError: name 'p' is not defined
2026-01-26 09:16:11,816 | INFO | Built site: https://mikann20041029.github.io/goliath/pages/china-international-travel-dns-ssl-fix-checklist-4/ (Web/Hosting) short=https://mikann20041029.github.io/goliath/go/iRjqFHT/
2026-01-26 09:16:11,820 | INFO | Wrote issues payload: /home/runner/work/goliath-auto-tool/goliath-auto-tool/goliath/_out/issues_payload_1769418966.json
2026-01-26 09:16:11,820 | INFO | Root sitemap/robots NOT updated (ALLOW_ROOT_UPDATE=0). Wrote to goliath/_out instead.
2026-01-26 09:16:11,821 | INFO | Self-check: counts={'Bluesky': 0, 'Mastodon': 99, 'Reddit': 0, 'X': 0, 'HN': 0, 'Total': 99}
2026-01-26 09:16:11,821 | INFO | Self-check: reply_candidates=100
2026-01-26 09:16:11,821 | INFO | Self-check: affiliates_audit ok=True missing=0 extra=0
2026-01-26 09:16:11,821 | INFO | Self-check: sitemap=https://mikann20041029.github.io/goliath/_out/sitemap.xml
